<?xml version="1.0" encoding="UTF-8"?>
<!-- Generated by org.testng.reporters.JUnitReportReporter -->
<testsuite hostname="DESKTOP-5GJH84S" failures="0" tests="1" name="TestPackage.TestLogin" time="2.279" errors="0" timestamp="2023-03-17T18:06:58 IST" skipped="0">
  <testcase classname="TestPackage.TestLogin" name="onetest1" time="2.279"/>
  <system-out/>
</testsuite> <!-- TestPackage.TestLogin -->
