<?xml version="1.0" encoding="UTF-8"?>
<!-- Generated by org.testng.reporters.JUnitReportReporter -->
<testsuite hostname="DESKTOP-5GJH84S" failures="0" tests="1" name="TestPackage.TestHome" time="4.753" errors="0" timestamp="2023-03-23T21:29:25 IST" skipped="0">
  <testcase classname="TestPackage.TestHome" name="onetest2" time="4.753"/>
  <system-out/>
</testsuite> <!-- TestPackage.TestHome -->
